2025-08-24 08:06:59,184 - preparation - INFO - Loading validated data from data/raw/telco_churn.csv
2025-08-24 08:06:59,185 - preparation - ERROR - Error loading data: [Errno 2] No such file or directory: 'data/raw/telco_churn.csv'
2025-08-24 08:09:42,891 - preparation - INFO - Listing available files in data/raw
2025-08-24 08:09:42,893 - preparation - INFO - Found 7 CSV files
2025-08-24 08:09:42,893 - preparation - INFO - Loading validated data from data/raw/kaggle/WA_Fn-UseC_-Telco-Customer-Churn.csv
2025-08-24 08:09:42,934 - preparation - INFO - Successfully loaded data with 7043 rows and 21 columns
2025-08-24 08:09:42,935 - preparation - INFO - Handling missing values
2025-08-24 08:09:42,943 - preparation - INFO - No missing values found
2025-08-24 08:09:42,943 - preparation - INFO - Standardizing numerical features
2025-08-24 08:09:42,945 - preparation - INFO - Standardizing columns: ['SeniorCitizen', 'tenure', 'MonthlyCharges']
2025-08-24 08:09:42,962 - preparation - INFO - Scaler saved to models/scaler.pkl
2025-08-24 08:09:42,962 - preparation - INFO - Encoding categorical variables
2025-08-24 08:09:42,964 - preparation - INFO - Encoding columns: ['gender', 'Partner', 'Dependents', 'PhoneService', 'MultipleLines', 'InternetService', 'OnlineSecurity', 'OnlineBackup', 'DeviceProtection', 'TechSupport', 'StreamingTV', 'StreamingMovies', 'Contract', 'PaperlessBilling', 'PaymentMethod', 'TotalCharges', 'Churn']
2025-08-24 08:09:42,968 - preparation - INFO - Binary encoded gender: {'Female': 0, 'Male': 1}
2025-08-24 08:09:42,970 - preparation - INFO - Binary encoded Partner: {'Yes': 0, 'No': 1}
2025-08-24 08:09:42,972 - preparation - INFO - Binary encoded Dependents: {'No': 0, 'Yes': 1}
2025-08-24 08:09:42,973 - preparation - INFO - Binary encoded PhoneService: {'No': 0, 'Yes': 1}
2025-08-24 08:09:42,980 - preparation - INFO - Binary encoded PaperlessBilling: {'Yes': 0, 'No': 1}
2025-08-24 08:09:42,985 - preparation - INFO - Binary encoded Churn: {'No': 0, 'Yes': 1}
2025-08-24 08:11:36,509 - preparation - INFO - Listing available files in data/raw
2025-08-24 08:11:36,510 - preparation - INFO - Found 7 CSV files
2025-08-24 08:11:36,510 - preparation - INFO - Loading validated data from data/raw/kaggle/WA_Fn-UseC_-Telco-Customer-Churn.csv
2025-08-24 08:11:36,538 - preparation - INFO - Successfully loaded data with 7043 rows and 21 columns
2025-08-24 08:11:36,538 - preparation - INFO - Handling missing values
2025-08-24 08:11:36,544 - preparation - INFO - No missing values found
2025-08-24 08:11:36,544 - preparation - INFO - Standardizing numerical features
2025-08-24 08:11:36,545 - preparation - INFO - Standardizing columns: ['SeniorCitizen', 'tenure', 'MonthlyCharges']
2025-08-24 08:11:36,551 - preparation - INFO - Scaler saved to models/scaler.pkl
2025-08-24 08:11:36,551 - preparation - INFO - Encoding categorical variables
2025-08-24 08:11:36,553 - preparation - INFO - Encoding columns: ['gender', 'Partner', 'Dependents', 'PhoneService', 'MultipleLines', 'InternetService', 'OnlineSecurity', 'OnlineBackup', 'DeviceProtection', 'TechSupport', 'StreamingTV', 'StreamingMovies', 'Contract', 'PaperlessBilling', 'PaymentMethod', 'TotalCharges', 'Churn']
2025-08-24 08:11:36,555 - preparation - INFO - Binary encoded gender: {'Female': 0, 'Male': 1}
2025-08-24 08:11:36,556 - preparation - INFO - Binary encoded Partner: {'Yes': 0, 'No': 1}
2025-08-24 08:11:36,558 - preparation - INFO - Binary encoded Dependents: {'No': 0, 'Yes': 1}
2025-08-24 08:11:36,559 - preparation - INFO - Binary encoded PhoneService: {'No': 0, 'Yes': 1}
2025-08-24 08:11:36,565 - preparation - INFO - Binary encoded PaperlessBilling: {'Yes': 0, 'No': 1}
2025-08-24 08:11:36,568 - preparation - INFO - Binary encoded Churn: {'No': 0, 'Yes': 1}
2025-08-24 08:11:37,487 - preparation - INFO - Encoder saved to models/encoder.pkl
2025-08-24 08:11:37,487 - preparation - INFO - One-hot encoded 11 categorical columns
2025-08-24 08:11:37,525 - preparation - INFO - Performing exploratory data analysis
2025-08-24 08:11:46,595 - preparation - INFO - Summary statistics saved to data/eda/summary_statistics.csv
2025-08-24 08:53:40,267 - preparation - INFO - Listing available files in data/raw
2025-08-24 08:53:40,268 - preparation - INFO - Found 7 CSV files
2025-08-24 08:53:40,268 - preparation - INFO - Loading validated data from data/raw/kaggle/WA_Fn-UseC_-Telco-Customer-Churn.csv
2025-08-24 08:53:40,295 - preparation - INFO - Successfully loaded data with 7043 rows and 21 columns
2025-08-24 08:53:40,295 - preparation - INFO - Handling missing values
2025-08-24 08:53:40,300 - preparation - INFO - No missing values found
2025-08-24 08:53:40,300 - preparation - INFO - Standardizing numerical features
2025-08-24 08:53:40,302 - preparation - INFO - Standardizing columns: ['SeniorCitizen', 'tenure', 'MonthlyCharges']
2025-08-24 08:53:40,312 - preparation - INFO - Scaler saved to models/scaler.pkl
2025-08-24 08:53:40,312 - preparation - INFO - Encoding categorical variables
2025-08-24 08:53:40,314 - preparation - INFO - Encoding columns: ['gender', 'Partner', 'Dependents', 'PhoneService', 'MultipleLines', 'InternetService', 'OnlineSecurity', 'OnlineBackup', 'DeviceProtection', 'TechSupport', 'StreamingTV', 'StreamingMovies', 'Contract', 'PaperlessBilling', 'PaymentMethod', 'TotalCharges', 'Churn']
2025-08-24 08:53:40,316 - preparation - INFO - Binary encoded gender: {'Female': 0, 'Male': 1}
2025-08-24 08:53:40,318 - preparation - INFO - Binary encoded Partner: {'Yes': 0, 'No': 1}
2025-08-24 08:53:40,319 - preparation - INFO - Binary encoded Dependents: {'No': 0, 'Yes': 1}
2025-08-24 08:53:40,321 - preparation - INFO - Binary encoded PhoneService: {'No': 0, 'Yes': 1}
2025-08-24 08:53:40,326 - preparation - INFO - Binary encoded PaperlessBilling: {'Yes': 0, 'No': 1}
2025-08-24 08:53:40,331 - preparation - INFO - Binary encoded Churn: {'No': 0, 'Yes': 1}
2025-08-24 08:53:41,035 - preparation - INFO - Encoder saved to models/encoder.pkl
2025-08-24 08:53:41,035 - preparation - INFO - One-hot encoded 11 categorical columns
2025-08-24 08:53:41,069 - preparation - INFO - Performing exploratory data analysis
2025-08-24 08:53:49,686 - preparation - INFO - Summary statistics saved to data/eda/summary_statistics.csv
2025-08-24 08:58:42,151 - preparation - INFO - Listing available files in data/raw
2025-08-24 08:58:42,152 - preparation - INFO - Found 7 CSV files
2025-08-24 08:58:42,152 - preparation - INFO - Loading validated data from data/raw/kaggle/WA_Fn-UseC_-Telco-Customer-Churn.csv
2025-08-24 08:58:42,180 - preparation - INFO - Successfully loaded data with 7043 rows and 21 columns
2025-08-24 08:58:42,180 - preparation - INFO - Handling missing values
2025-08-24 08:58:42,189 - preparation - INFO - No missing values found
2025-08-24 08:58:42,189 - preparation - INFO - Standardizing numerical features
2025-08-24 08:58:42,190 - preparation - INFO - Standardizing columns: ['SeniorCitizen', 'tenure', 'MonthlyCharges']
2025-08-24 08:58:42,199 - preparation - INFO - Scaler saved to models/scaler.pkl
2025-08-24 08:58:42,199 - preparation - INFO - Encoding categorical variables
2025-08-24 08:58:42,201 - preparation - INFO - Encoding columns: ['gender', 'Partner', 'Dependents', 'PhoneService', 'MultipleLines', 'InternetService', 'OnlineSecurity', 'OnlineBackup', 'DeviceProtection', 'TechSupport', 'StreamingTV', 'StreamingMovies', 'Contract', 'PaperlessBilling', 'PaymentMethod', 'TotalCharges', 'Churn']
2025-08-24 08:58:42,202 - preparation - INFO - Binary encoded gender: {'Female': 0, 'Male': 1}
2025-08-24 08:58:42,204 - preparation - INFO - Binary encoded Partner: {'Yes': 0, 'No': 1}
2025-08-24 08:58:42,207 - preparation - INFO - Binary encoded Dependents: {'No': 0, 'Yes': 1}
2025-08-24 08:58:42,209 - preparation - INFO - Binary encoded PhoneService: {'No': 0, 'Yes': 1}
2025-08-24 08:58:42,216 - preparation - INFO - Binary encoded PaperlessBilling: {'Yes': 0, 'No': 1}
2025-08-24 08:58:42,221 - preparation - INFO - Binary encoded Churn: {'No': 0, 'Yes': 1}
2025-08-24 08:58:43,139 - preparation - INFO - Encoder saved to models/encoder.pkl
2025-08-24 08:58:43,139 - preparation - INFO - One-hot encoded 11 categorical columns
2025-08-24 08:58:43,171 - preparation - INFO - Performing exploratory data analysis
2025-08-24 08:58:52,613 - preparation - INFO - Summary statistics saved to data/eda/summary_statistics.csv
2025-08-24 08:58:54,195 - preparation - INFO - Key correlation matrix saved to data/eda/key_correlation_matrix.png
2025-08-24 08:58:54,196 - preparation - INFO - Simplified exploratory data analysis completed
2025-08-24 08:58:54,196 - preparation - INFO - Saving cleaned data to data/clean/telco_churn_clean.csv
2025-08-24 08:59:30,108 - preparation - INFO - Successfully saved cleaned data with 7043 rows and 6561 columns
2025-08-24 09:05:14,829 - preparation - INFO - Listing available files in data/raw
2025-08-24 09:05:14,830 - preparation - INFO - Found 7 CSV files
2025-08-24 09:05:14,831 - preparation - INFO - Loading validated data from data/raw/kaggle/WA_Fn-UseC_-Telco-Customer-Churn.csv
2025-08-24 09:05:14,865 - preparation - INFO - Successfully loaded data with 7043 rows and 21 columns
2025-08-24 09:05:14,865 - preparation - INFO - Handling missing values
2025-08-24 09:05:14,873 - preparation - INFO - No missing values found
2025-08-24 09:05:14,873 - preparation - INFO - Standardizing numerical features
2025-08-24 09:05:14,875 - preparation - INFO - Standardizing columns: ['SeniorCitizen', 'tenure', 'MonthlyCharges']
2025-08-24 09:05:14,887 - preparation - INFO - Scaler saved to models/scaler.pkl
2025-08-24 09:05:14,888 - preparation - INFO - Encoding categorical variables
2025-08-24 09:05:14,889 - preparation - INFO - Encoding columns: ['gender', 'Partner', 'Dependents', 'PhoneService', 'MultipleLines', 'InternetService', 'OnlineSecurity', 'OnlineBackup', 'DeviceProtection', 'TechSupport', 'StreamingTV', 'StreamingMovies', 'Contract', 'PaperlessBilling', 'PaymentMethod', 'Churn']
2025-08-24 09:05:14,892 - preparation - INFO - Binary encoded gender: {'Female': 0, 'Male': 1}
2025-08-24 09:05:14,894 - preparation - INFO - Binary encoded Partner: {'Yes': 0, 'No': 1}
2025-08-24 09:05:14,896 - preparation - INFO - Binary encoded Dependents: {'No': 0, 'Yes': 1}
2025-08-24 09:05:14,898 - preparation - INFO - Binary encoded PhoneService: {'No': 0, 'Yes': 1}
2025-08-24 09:05:14,903 - preparation - INFO - Binary encoded PaperlessBilling: {'Yes': 0, 'No': 1}
2025-08-24 09:05:14,906 - preparation - INFO - Binary encoded Churn: {'No': 0, 'Yes': 1}
2025-08-24 09:05:14,947 - preparation - INFO - Encoder saved to models/encoder.pkl
2025-08-24 09:05:14,947 - preparation - INFO - One-hot encoded 10 categorical columns
2025-08-24 09:05:14,948 - preparation - INFO - Performing exploratory data analysis
2025-08-24 09:05:15,009 - preparation - INFO - Summary statistics saved to data/eda/summary_statistics.csv
2025-08-24 09:05:15,582 - preparation - INFO - Key correlation matrix saved to data/eda/key_correlation_matrix.png
2025-08-24 09:05:15,582 - preparation - INFO - Simplified exploratory data analysis completed
2025-08-24 09:05:15,582 - preparation - INFO - Saving cleaned data to data/clean/telco_churn_clean.csv
2025-08-24 09:05:15,732 - preparation - INFO - Successfully saved cleaned data with 7043 rows and 32 columns
2025-08-24 09:05:50,602 - preparation - INFO - Listing available files in data/raw
2025-08-24 09:05:50,603 - preparation - INFO - Found 7 CSV files
2025-08-24 09:05:50,603 - preparation - INFO - Loading validated data from data/raw/kaggle/WA_Fn-UseC_-Telco-Customer-Churn.csv
2025-08-24 09:05:50,632 - preparation - INFO - Successfully loaded data with 7043 rows and 21 columns
2025-08-24 09:05:50,632 - preparation - INFO - Handling missing values
2025-08-24 09:05:50,639 - preparation - INFO - No missing values found
2025-08-24 09:05:50,639 - preparation - INFO - Standardizing numerical features
2025-08-24 09:05:50,640 - preparation - INFO - Standardizing columns: ['SeniorCitizen', 'tenure', 'MonthlyCharges']
2025-08-24 09:05:50,647 - preparation - INFO - Scaler saved to models/scaler.pkl
2025-08-24 09:05:50,647 - preparation - INFO - Encoding categorical variables
2025-08-24 09:05:50,648 - preparation - INFO - Encoding columns: ['gender', 'Partner', 'Dependents', 'PhoneService', 'MultipleLines', 'InternetService', 'OnlineSecurity', 'OnlineBackup', 'DeviceProtection', 'TechSupport', 'StreamingTV', 'StreamingMovies', 'Contract', 'PaperlessBilling', 'PaymentMethod', 'Churn']
2025-08-24 09:05:50,650 - preparation - INFO - Binary encoded gender: {'Female': 0, 'Male': 1}
2025-08-24 09:05:50,652 - preparation - INFO - Binary encoded Partner: {'Yes': 0, 'No': 1}
2025-08-24 09:05:50,654 - preparation - INFO - Binary encoded Dependents: {'No': 0, 'Yes': 1}
2025-08-24 09:05:50,655 - preparation - INFO - Binary encoded PhoneService: {'No': 0, 'Yes': 1}
2025-08-24 09:05:50,661 - preparation - INFO - Binary encoded PaperlessBilling: {'Yes': 0, 'No': 1}
2025-08-24 09:05:50,664 - preparation - INFO - Binary encoded Churn: {'No': 0, 'Yes': 1}
2025-08-24 09:05:50,701 - preparation - INFO - Encoder saved to models/encoder.pkl
2025-08-24 09:05:50,702 - preparation - INFO - One-hot encoded 10 categorical columns
2025-08-24 09:05:50,702 - preparation - INFO - Performing exploratory data analysis
2025-08-24 09:05:50,758 - preparation - INFO - Summary statistics saved to data/eda/summary_statistics.csv
2025-08-24 09:05:51,278 - preparation - INFO - Key correlation matrix saved to data/eda/key_correlation_matrix.png
2025-08-24 09:05:51,278 - preparation - INFO - Simplified exploratory data analysis completed
2025-08-24 09:05:51,278 - preparation - INFO - Saving cleaned data to data/clean/telco_churn_clean.csv
2025-08-24 09:05:51,405 - preparation - INFO - Successfully saved cleaned data with 7043 rows and 32 columns
2025-08-24 09:06:05,800 - preparation - INFO - Listing available files in data/raw
2025-08-24 09:06:05,801 - preparation - INFO - Found 7 CSV files
2025-08-24 09:06:05,801 - preparation - INFO - Loading validated data from data/raw/kaggle/WA_Fn-UseC_-Telco-Customer-Churn.csv
2025-08-24 09:06:05,832 - preparation - INFO - Successfully loaded data with 7043 rows and 21 columns
2025-08-24 09:06:05,832 - preparation - INFO - Handling missing values
2025-08-24 09:06:05,841 - preparation - INFO - No missing values found
2025-08-24 09:06:05,841 - preparation - INFO - Standardizing numerical features
2025-08-24 09:06:05,842 - preparation - INFO - Standardizing columns: ['SeniorCitizen', 'tenure', 'MonthlyCharges']
2025-08-24 09:06:05,852 - preparation - INFO - Scaler saved to models/scaler.pkl
2025-08-24 09:06:05,852 - preparation - INFO - Encoding categorical variables
2025-08-24 09:06:05,854 - preparation - INFO - Encoding columns: ['gender', 'Partner', 'Dependents', 'PhoneService', 'MultipleLines', 'InternetService', 'OnlineSecurity', 'OnlineBackup', 'DeviceProtection', 'TechSupport', 'StreamingTV', 'StreamingMovies', 'Contract', 'PaperlessBilling', 'PaymentMethod', 'Churn']
2025-08-24 09:06:05,857 - preparation - INFO - Binary encoded gender: {'Female': 0, 'Male': 1}
2025-08-24 09:06:05,860 - preparation - INFO - Binary encoded Partner: {'Yes': 0, 'No': 1}
2025-08-24 09:06:05,863 - preparation - INFO - Binary encoded Dependents: {'No': 0, 'Yes': 1}
2025-08-24 09:06:05,866 - preparation - INFO - Binary encoded PhoneService: {'No': 0, 'Yes': 1}
2025-08-24 09:06:05,872 - preparation - INFO - Binary encoded PaperlessBilling: {'Yes': 0, 'No': 1}
2025-08-24 09:06:05,874 - preparation - INFO - Binary encoded Churn: {'No': 0, 'Yes': 1}
2025-08-24 09:06:05,913 - preparation - INFO - Encoder saved to models/encoder.pkl
2025-08-24 09:06:05,913 - preparation - INFO - One-hot encoded 10 categorical columns
2025-08-24 09:06:05,913 - preparation - INFO - Performing exploratory data analysis
2025-08-24 09:06:05,967 - preparation - INFO - Summary statistics saved to data/eda/summary_statistics.csv
2025-08-24 09:06:07,904 - preparation - INFO - Correlation matrix saved to data/eda/correlation_matrix.png
2025-08-24 09:06:07,958 - matplotlib.category - INFO - Using categorical units to plot a list of strings that are all parsable as floats or dates. If these strings should be plotted as numbers, cast to the appropriate data type before plotting.
2025-08-24 09:06:07,969 - matplotlib.category - INFO - Using categorical units to plot a list of strings that are all parsable as floats or dates. If these strings should be plotted as numbers, cast to the appropriate data type before plotting.
2025-08-24 09:06:08,069 - preparation - INFO - Churn distribution saved to data/eda/churn_distribution.png
2025-08-24 09:06:13,393 - preparation - INFO - Numerical feature distributions saved to data/eda
2025-08-24 09:06:13,393 - preparation - INFO - Exploratory data analysis completed
2025-08-24 09:06:13,393 - preparation - INFO - Saving cleaned data to data/clean/telco_churn_clean.csv
2025-08-24 09:06:13,521 - preparation - INFO - Successfully saved cleaned data with 7043 rows and 32 columns
2025-08-24 09:10:43,202 - preparation - INFO - Listing available files in data/raw
2025-08-24 09:10:43,203 - preparation - INFO - Found 7 CSV files
2025-08-24 09:10:43,204 - preparation - INFO - Loading validated data from data/raw/kaggle/WA_Fn-UseC_-Telco-Customer-Churn.csv
2025-08-24 09:10:43,239 - preparation - INFO - Original column data types:
2025-08-24 09:10:43,240 - preparation - INFO -   customerID: object
2025-08-24 09:10:43,240 - preparation - INFO -   gender: object
2025-08-24 09:10:43,240 - preparation - INFO -   SeniorCitizen: int64
2025-08-24 09:10:43,240 - preparation - INFO -   Partner: object
2025-08-24 09:10:43,240 - preparation - INFO -   Dependents: object
2025-08-24 09:10:43,240 - preparation - INFO -   tenure: int64
2025-08-24 09:10:43,240 - preparation - INFO -   PhoneService: object
2025-08-24 09:10:43,240 - preparation - INFO -   MultipleLines: object
2025-08-24 09:10:43,240 - preparation - INFO -   InternetService: object
2025-08-24 09:10:43,240 - preparation - INFO -   OnlineSecurity: object
2025-08-24 09:10:43,240 - preparation - INFO -   OnlineBackup: object
2025-08-24 09:10:43,240 - preparation - INFO -   DeviceProtection: object
2025-08-24 09:10:43,241 - preparation - INFO -   TechSupport: object
2025-08-24 09:10:43,241 - preparation - INFO -   StreamingTV: object
2025-08-24 09:10:43,241 - preparation - INFO -   StreamingMovies: object
2025-08-24 09:10:43,241 - preparation - INFO -   Contract: object
2025-08-24 09:10:43,241 - preparation - INFO -   PaperlessBilling: object
2025-08-24 09:10:43,241 - preparation - INFO -   PaymentMethod: object
2025-08-24 09:10:43,241 - preparation - INFO -   MonthlyCharges: float64
2025-08-24 09:10:43,241 - preparation - INFO -   TotalCharges: object
2025-08-24 09:10:43,241 - preparation - INFO -   Churn: object
2025-08-24 09:10:43,249 - preparation - INFO - Converted TotalCharges to numeric type
2025-08-24 09:10:43,253 - preparation - INFO - Filled 0 missing values in TotalCharges with median: 1397.475
2025-08-24 09:10:43,253 - preparation - INFO - Successfully loaded data with 7043 rows and 21 columns
2025-08-24 09:10:43,253 - preparation - INFO - Handling missing values
2025-08-24 09:10:43,261 - preparation - INFO - No missing values found
2025-08-24 09:10:43,261 - preparation - INFO - Standardizing numerical features
2025-08-24 09:10:43,262 - preparation - INFO - Standardizing columns: ['SeniorCitizen', 'tenure', 'MonthlyCharges', 'TotalCharges']
2025-08-24 09:10:43,273 - preparation - INFO - Scaler saved to models/scaler.pkl
2025-08-24 09:10:43,273 - preparation - INFO - Encoding categorical variables
2025-08-24 09:10:43,278 - preparation - INFO - Encoding columns: ['gender', 'Partner', 'Dependents', 'PhoneService', 'MultipleLines', 'InternetService', 'OnlineSecurity', 'OnlineBackup', 'DeviceProtection', 'TechSupport', 'StreamingTV', 'StreamingMovies', 'Contract', 'PaperlessBilling', 'PaymentMethod', 'Churn']
2025-08-24 09:10:43,281 - preparation - INFO - Binary encoded gender: {'Female': 0, 'Male': 1}
2025-08-24 09:10:43,283 - preparation - INFO - Binary encoded Partner: {'Yes': 0, 'No': 1}
2025-08-24 09:10:43,285 - preparation - INFO - Binary encoded Dependents: {'No': 0, 'Yes': 1}
2025-08-24 09:10:43,287 - preparation - INFO - Binary encoded PhoneService: {'No': 0, 'Yes': 1}
2025-08-24 09:10:43,294 - preparation - INFO - Binary encoded PaperlessBilling: {'Yes': 0, 'No': 1}
2025-08-24 09:10:43,297 - preparation - INFO - Binary encoded Churn: {'No': 0, 'Yes': 1}
2025-08-24 09:10:43,334 - preparation - INFO - Encoder saved to models/encoder.pkl
2025-08-24 09:10:43,334 - preparation - INFO - One-hot encoded 10 categorical columns
2025-08-24 09:10:43,335 - preparation - INFO - Performing exploratory data analysis
2025-08-24 09:10:43,396 - preparation - INFO - Summary statistics saved to data/eda/summary_statistics.csv
2025-08-24 09:10:45,487 - preparation - INFO - Correlation matrix saved to data/eda/correlation_matrix.png
2025-08-24 09:10:45,530 - matplotlib.category - INFO - Using categorical units to plot a list of strings that are all parsable as floats or dates. If these strings should be plotted as numbers, cast to the appropriate data type before plotting.
2025-08-24 09:10:45,544 - matplotlib.category - INFO - Using categorical units to plot a list of strings that are all parsable as floats or dates. If these strings should be plotted as numbers, cast to the appropriate data type before plotting.
2025-08-24 09:10:45,642 - preparation - INFO - Churn distribution saved to data/eda/churn_distribution.png
2025-08-24 09:10:50,793 - preparation - INFO - Numerical feature distributions saved to data/eda
2025-08-24 09:10:50,793 - preparation - INFO - Exploratory data analysis completed
2025-08-24 09:10:50,793 - preparation - INFO - Saving cleaned data to data/clean/telco_churn_clean.csv
2025-08-24 09:10:50,926 - preparation - INFO - Successfully saved cleaned data with 7043 rows and 32 columns
2025-08-24 09:11:35,503 - preparation - INFO - Listing available files in data/raw
2025-08-24 09:11:35,504 - preparation - INFO - Found 7 CSV files
2025-08-24 09:11:35,504 - preparation - INFO - Loading validated data from data/raw/kaggle/WA_Fn-UseC_-Telco-Customer-Churn.csv
2025-08-24 09:11:35,531 - preparation - INFO - Original column data types:
2025-08-24 09:11:35,531 - preparation - INFO -   customerID: object
2025-08-24 09:11:35,531 - preparation - INFO -   gender: object
2025-08-24 09:11:35,532 - preparation - INFO -   SeniorCitizen: int64
2025-08-24 09:11:35,532 - preparation - INFO -   Partner: object
2025-08-24 09:11:35,532 - preparation - INFO -   Dependents: object
2025-08-24 09:11:35,532 - preparation - INFO -   tenure: int64
2025-08-24 09:11:35,532 - preparation - INFO -   PhoneService: object
2025-08-24 09:11:35,532 - preparation - INFO -   MultipleLines: object
2025-08-24 09:11:35,532 - preparation - INFO -   InternetService: object
2025-08-24 09:11:35,532 - preparation - INFO -   OnlineSecurity: object
2025-08-24 09:11:35,532 - preparation - INFO -   OnlineBackup: object
2025-08-24 09:11:35,532 - preparation - INFO -   DeviceProtection: object
2025-08-24 09:11:35,532 - preparation - INFO -   TechSupport: object
2025-08-24 09:11:35,532 - preparation - INFO -   StreamingTV: object
2025-08-24 09:11:35,532 - preparation - INFO -   StreamingMovies: object
2025-08-24 09:11:35,532 - preparation - INFO -   Contract: object
2025-08-24 09:11:35,533 - preparation - INFO -   PaperlessBilling: object
2025-08-24 09:11:35,533 - preparation - INFO -   PaymentMethod: object
2025-08-24 09:11:35,533 - preparation - INFO -   MonthlyCharges: float64
2025-08-24 09:11:35,533 - preparation - INFO -   TotalCharges: object
2025-08-24 09:11:35,533 - preparation - INFO -   Churn: object
2025-08-24 09:11:35,537 - preparation - INFO - Converted TotalCharges from object to numeric type
2025-08-24 09:11:35,539 - preparation - INFO - Filled 11 missing values in TotalCharges with median: 1397.475
2025-08-24 09:11:35,542 - preparation - INFO - Converted Churn from Yes/No to 1/0
2025-08-24 09:11:35,542 - preparation - INFO - Updated column data types:
2025-08-24 09:11:35,542 - preparation - INFO -   customerID: object
2025-08-24 09:11:35,542 - preparation - INFO -   gender: object
2025-08-24 09:11:35,542 - preparation - INFO -   SeniorCitizen: int64
2025-08-24 09:11:35,542 - preparation - INFO -   Partner: object
2025-08-24 09:11:35,542 - preparation - INFO -   Dependents: object
2025-08-24 09:11:35,542 - preparation - INFO -   tenure: int64
2025-08-24 09:11:35,543 - preparation - INFO -   PhoneService: object
2025-08-24 09:11:35,543 - preparation - INFO -   MultipleLines: object
2025-08-24 09:11:35,543 - preparation - INFO -   InternetService: object
2025-08-24 09:11:35,543 - preparation - INFO -   OnlineSecurity: object
2025-08-24 09:11:35,543 - preparation - INFO -   OnlineBackup: object
2025-08-24 09:11:35,543 - preparation - INFO -   DeviceProtection: object
2025-08-24 09:11:35,543 - preparation - INFO -   TechSupport: object
2025-08-24 09:11:35,543 - preparation - INFO -   StreamingTV: object
2025-08-24 09:11:35,543 - preparation - INFO -   StreamingMovies: object
2025-08-24 09:11:35,543 - preparation - INFO -   Contract: object
2025-08-24 09:11:35,543 - preparation - INFO -   PaperlessBilling: object
2025-08-24 09:11:35,543 - preparation - INFO -   PaymentMethod: object
2025-08-24 09:11:35,543 - preparation - INFO -   MonthlyCharges: float64
2025-08-24 09:11:35,543 - preparation - INFO -   TotalCharges: float64
2025-08-24 09:11:35,544 - preparation - INFO -   Churn: int64
2025-08-24 09:11:35,544 - preparation - INFO - Successfully loaded and processed data with 7043 rows and 21 columns
2025-08-24 09:11:35,544 - preparation - INFO - Handling missing values
2025-08-24 09:11:35,550 - preparation - INFO - No missing values found
2025-08-24 09:11:35,551 - preparation - INFO - Standardizing numerical features
2025-08-24 09:11:35,552 - preparation - INFO - Standardizing columns: ['SeniorCitizen', 'tenure', 'MonthlyCharges', 'TotalCharges']
2025-08-24 09:11:35,559 - preparation - INFO - Scaler saved to models/scaler.pkl
2025-08-24 09:11:35,559 - preparation - INFO - Encoding categorical variables
2025-08-24 09:11:35,561 - preparation - INFO - Encoding columns: ['gender', 'Partner', 'Dependents', 'PhoneService', 'MultipleLines', 'InternetService', 'OnlineSecurity', 'OnlineBackup', 'DeviceProtection', 'TechSupport', 'StreamingTV', 'StreamingMovies', 'Contract', 'PaperlessBilling', 'PaymentMethod']
2025-08-24 09:11:35,562 - preparation - INFO - Binary encoded gender: {'Female': 0, 'Male': 1}
2025-08-24 09:11:35,564 - preparation - INFO - Binary encoded Partner: {'Yes': 0, 'No': 1}
2025-08-24 09:11:35,566 - preparation - INFO - Binary encoded Dependents: {'No': 0, 'Yes': 1}
2025-08-24 09:11:35,568 - preparation - INFO - Binary encoded PhoneService: {'No': 0, 'Yes': 1}
2025-08-24 09:11:35,575 - preparation - INFO - Binary encoded PaperlessBilling: {'Yes': 0, 'No': 1}
2025-08-24 09:11:35,614 - preparation - INFO - Encoder saved to models/encoder.pkl
2025-08-24 09:11:35,614 - preparation - INFO - One-hot encoded 10 categorical columns
2025-08-24 09:11:35,615 - preparation - INFO - Performing exploratory data analysis
2025-08-24 09:11:35,671 - preparation - INFO - Summary statistics saved to data/eda/summary_statistics.csv
2025-08-24 09:11:37,606 - preparation - INFO - Correlation matrix saved to data/eda/correlation_matrix.png
2025-08-24 09:11:37,651 - matplotlib.category - INFO - Using categorical units to plot a list of strings that are all parsable as floats or dates. If these strings should be plotted as numbers, cast to the appropriate data type before plotting.
2025-08-24 09:11:37,659 - matplotlib.category - INFO - Using categorical units to plot a list of strings that are all parsable as floats or dates. If these strings should be plotted as numbers, cast to the appropriate data type before plotting.
2025-08-24 09:11:37,752 - preparation - INFO - Churn distribution saved to data/eda/churn_distribution.png
2025-08-24 09:11:43,012 - preparation - INFO - Numerical feature distributions saved to data/eda
2025-08-24 09:11:43,012 - preparation - INFO - Exploratory data analysis completed
2025-08-24 09:11:43,012 - preparation - INFO - Saving cleaned data to data/clean/telco_churn_clean.csv
2025-08-24 09:11:43,149 - preparation - INFO - Successfully saved cleaned data with 7043 rows and 32 columns
2025-08-24 09:12:27,684 - preparation - INFO - Listing available files in data/raw
2025-08-24 09:12:27,685 - preparation - INFO - Found 7 CSV files
2025-08-24 09:12:27,685 - preparation - INFO - Loading validated data from data/raw/kaggle/WA_Fn-UseC_-Telco-Customer-Churn.csv
2025-08-24 09:12:27,713 - preparation - INFO - Original column data types:
2025-08-24 09:12:27,713 - preparation - INFO -   customerID: object
2025-08-24 09:12:27,714 - preparation - INFO -   gender: object
2025-08-24 09:12:27,714 - preparation - INFO -   SeniorCitizen: int64
2025-08-24 09:12:27,714 - preparation - INFO -   Partner: object
2025-08-24 09:12:27,714 - preparation - INFO -   Dependents: object
2025-08-24 09:12:27,714 - preparation - INFO -   tenure: int64
2025-08-24 09:12:27,714 - preparation - INFO -   PhoneService: object
2025-08-24 09:12:27,714 - preparation - INFO -   MultipleLines: object
2025-08-24 09:12:27,714 - preparation - INFO -   InternetService: object
2025-08-24 09:12:27,714 - preparation - INFO -   OnlineSecurity: object
2025-08-24 09:12:27,714 - preparation - INFO -   OnlineBackup: object
2025-08-24 09:12:27,714 - preparation - INFO -   DeviceProtection: object
2025-08-24 09:12:27,714 - preparation - INFO -   TechSupport: object
2025-08-24 09:12:27,714 - preparation - INFO -   StreamingTV: object
2025-08-24 09:12:27,715 - preparation - INFO -   StreamingMovies: object
2025-08-24 09:12:27,715 - preparation - INFO -   Contract: object
2025-08-24 09:12:27,715 - preparation - INFO -   PaperlessBilling: object
2025-08-24 09:12:27,715 - preparation - INFO -   PaymentMethod: object
2025-08-24 09:12:27,715 - preparation - INFO -   MonthlyCharges: float64
2025-08-24 09:12:27,715 - preparation - INFO -   TotalCharges: object
2025-08-24 09:12:27,715 - preparation - INFO -   Churn: object
2025-08-24 09:12:27,720 - preparation - INFO - Converted TotalCharges from object to numeric type
2025-08-24 09:12:27,722 - preparation - INFO - Filled 11 missing values in TotalCharges with median: 1397.475
2025-08-24 09:12:27,724 - preparation - INFO - Converted Churn from Yes/No to 1/0
2025-08-24 09:12:27,725 - preparation - INFO - Updated column data types:
2025-08-24 09:12:27,725 - preparation - INFO -   customerID: object
2025-08-24 09:12:27,725 - preparation - INFO -   gender: object
2025-08-24 09:12:27,725 - preparation - INFO -   SeniorCitizen: int64
2025-08-24 09:12:27,725 - preparation - INFO -   Partner: object
2025-08-24 09:12:27,725 - preparation - INFO -   Dependents: object
2025-08-24 09:12:27,725 - preparation - INFO -   tenure: int64
2025-08-24 09:12:27,725 - preparation - INFO -   PhoneService: object
2025-08-24 09:12:27,725 - preparation - INFO -   MultipleLines: object
2025-08-24 09:12:27,725 - preparation - INFO -   InternetService: object
2025-08-24 09:12:27,726 - preparation - INFO -   OnlineSecurity: object
2025-08-24 09:12:27,726 - preparation - INFO -   OnlineBackup: object
2025-08-24 09:12:27,726 - preparation - INFO -   DeviceProtection: object
2025-08-24 09:12:27,726 - preparation - INFO -   TechSupport: object
2025-08-24 09:12:27,726 - preparation - INFO -   StreamingTV: object
2025-08-24 09:12:27,726 - preparation - INFO -   StreamingMovies: object
2025-08-24 09:12:27,726 - preparation - INFO -   Contract: object
2025-08-24 09:12:27,726 - preparation - INFO -   PaperlessBilling: object
2025-08-24 09:12:27,726 - preparation - INFO -   PaymentMethod: object
2025-08-24 09:12:27,726 - preparation - INFO -   MonthlyCharges: float64
2025-08-24 09:12:27,726 - preparation - INFO -   TotalCharges: float64
2025-08-24 09:12:27,726 - preparation - INFO -   Churn: int64
2025-08-24 09:12:27,726 - preparation - INFO - Successfully loaded and processed data with 7043 rows and 21 columns
2025-08-24 09:12:27,727 - preparation - INFO - Handling missing values
2025-08-24 09:12:27,732 - preparation - INFO - No missing values found
2025-08-24 09:12:27,733 - preparation - INFO - Standardizing numerical features
2025-08-24 09:12:27,734 - preparation - INFO - Standardizing columns: ['SeniorCitizen', 'tenure', 'MonthlyCharges', 'TotalCharges']
2025-08-24 09:12:27,741 - preparation - INFO - Scaler saved to models/scaler.pkl
2025-08-24 09:12:27,742 - preparation - INFO - Encoding categorical variables
2025-08-24 09:12:27,743 - preparation - INFO - Encoding columns: ['gender', 'Partner', 'Dependents', 'PhoneService', 'MultipleLines', 'InternetService', 'OnlineSecurity', 'OnlineBackup', 'DeviceProtection', 'TechSupport', 'StreamingTV', 'StreamingMovies', 'Contract', 'PaperlessBilling', 'PaymentMethod']
2025-08-24 09:12:27,745 - preparation - INFO - Binary encoded gender: {'Female': 0, 'Male': 1}
2025-08-24 09:12:27,747 - preparation - INFO - Binary encoded Partner: {'Yes': 0, 'No': 1}
2025-08-24 09:12:27,749 - preparation - INFO - Binary encoded Dependents: {'No': 0, 'Yes': 1}
2025-08-24 09:12:27,751 - preparation - INFO - Binary encoded PhoneService: {'No': 0, 'Yes': 1}
2025-08-24 09:12:27,757 - preparation - INFO - Binary encoded PaperlessBilling: {'Yes': 0, 'No': 1}
2025-08-24 09:12:27,794 - preparation - INFO - Encoder saved to models/encoder.pkl
2025-08-24 09:12:27,794 - preparation - INFO - One-hot encoded 10 categorical columns
2025-08-24 09:12:27,795 - preparation - INFO - Performing exploratory data analysis
2025-08-24 09:12:27,850 - preparation - INFO - Summary statistics saved to data/eda/summary_statistics.csv
2025-08-24 09:12:29,903 - preparation - INFO - Correlation matrix saved to data/eda/correlation_matrix.png
2025-08-24 09:12:29,937 - matplotlib.category - INFO - Using categorical units to plot a list of strings that are all parsable as floats or dates. If these strings should be plotted as numbers, cast to the appropriate data type before plotting.
2025-08-24 09:12:29,944 - matplotlib.category - INFO - Using categorical units to plot a list of strings that are all parsable as floats or dates. If these strings should be plotted as numbers, cast to the appropriate data type before plotting.
2025-08-24 09:12:30,036 - preparation - INFO - Churn distribution saved to data/eda/churn_distribution.png
2025-08-24 09:12:35,507 - preparation - INFO - Numerical feature distributions saved to data/eda
2025-08-24 09:12:35,508 - preparation - INFO - Exploratory data analysis completed
2025-08-24 09:12:35,508 - preparation - INFO - Saving cleaned data to data/clean/telco_churn_clean.csv
2025-08-24 09:12:35,661 - preparation - INFO - Successfully saved cleaned data with 7043 rows and 32 columns
2025-08-24 09:14:16,009 - preparation - INFO - Listing available files in data/raw
2025-08-24 09:14:16,011 - preparation - INFO - Found 7 CSV files
2025-08-24 09:14:16,011 - preparation - INFO - Loading validated data from data/raw/kaggle/WA_Fn-UseC_-Telco-Customer-Churn.csv
2025-08-24 09:14:16,044 - preparation - INFO - Original column data types:
2025-08-24 09:14:16,045 - preparation - INFO -   customerID: object
2025-08-24 09:14:16,045 - preparation - INFO -   gender: object
2025-08-24 09:14:16,045 - preparation - INFO -   SeniorCitizen: int64
2025-08-24 09:14:16,045 - preparation - INFO -   Partner: object
2025-08-24 09:14:16,045 - preparation - INFO -   Dependents: object
2025-08-24 09:14:16,045 - preparation - INFO -   tenure: int64
2025-08-24 09:14:16,046 - preparation - INFO -   PhoneService: object
2025-08-24 09:14:16,046 - preparation - INFO -   MultipleLines: object
2025-08-24 09:14:16,046 - preparation - INFO -   InternetService: object
2025-08-24 09:14:16,046 - preparation - INFO -   OnlineSecurity: object
2025-08-24 09:14:16,046 - preparation - INFO -   OnlineBackup: object
2025-08-24 09:14:16,046 - preparation - INFO -   DeviceProtection: object
2025-08-24 09:14:16,046 - preparation - INFO -   TechSupport: object
2025-08-24 09:14:16,046 - preparation - INFO -   StreamingTV: object
2025-08-24 09:14:16,046 - preparation - INFO -   StreamingMovies: object
2025-08-24 09:14:16,046 - preparation - INFO -   Contract: object
2025-08-24 09:14:16,046 - preparation - INFO -   PaperlessBilling: object
2025-08-24 09:14:16,046 - preparation - INFO -   PaymentMethod: object
2025-08-24 09:14:16,046 - preparation - INFO -   MonthlyCharges: float64
2025-08-24 09:14:16,047 - preparation - INFO -   TotalCharges: object
2025-08-24 09:14:16,047 - preparation - INFO -   Churn: object
2025-08-24 09:14:16,054 - preparation - INFO - Converted TotalCharges from object to numeric type
2025-08-24 09:14:16,074 - preparation - INFO - Filled 11 missing values in TotalCharges with median: 1397.475
2025-08-24 09:14:16,096 - preparation - INFO - Converted Churn from Yes/No to 1/0
2025-08-24 09:14:16,110 - preparation - INFO - Updated column data types:
2025-08-24 09:14:16,111 - preparation - INFO -   customerID: object
2025-08-24 09:14:16,112 - preparation - INFO -   gender: object
2025-08-24 09:14:16,112 - preparation - INFO -   SeniorCitizen: int64
2025-08-24 09:14:16,112 - preparation - INFO -   Partner: object
2025-08-24 09:14:16,131 - preparation - INFO -   Dependents: object
2025-08-24 09:14:16,131 - preparation - INFO -   tenure: int64
2025-08-24 09:14:16,131 - preparation - INFO -   PhoneService: object
2025-08-24 09:14:16,131 - preparation - INFO -   MultipleLines: object
2025-08-24 09:14:16,131 - preparation - INFO -   InternetService: object
2025-08-24 09:14:16,131 - preparation - INFO -   OnlineSecurity: object
2025-08-24 09:14:16,131 - preparation - INFO -   OnlineBackup: object
2025-08-24 09:14:16,131 - preparation - INFO -   DeviceProtection: object
2025-08-24 09:14:16,131 - preparation - INFO -   TechSupport: object
2025-08-24 09:14:16,132 - preparation - INFO -   StreamingTV: object
2025-08-24 09:14:16,132 - preparation - INFO -   StreamingMovies: object
2025-08-24 09:14:16,132 - preparation - INFO -   Contract: object
2025-08-24 09:14:16,132 - preparation - INFO -   PaperlessBilling: object
2025-08-24 09:14:16,132 - preparation - INFO -   PaymentMethod: object
2025-08-24 09:14:16,132 - preparation - INFO -   MonthlyCharges: float64
2025-08-24 09:14:16,132 - preparation - INFO -   TotalCharges: float64
2025-08-24 09:14:16,132 - preparation - INFO -   Churn: int64
2025-08-24 09:14:16,132 - preparation - INFO - Successfully loaded and processed data with 7043 rows and 21 columns
2025-08-24 09:14:16,132 - preparation - INFO - Handling missing values
2025-08-24 09:14:16,139 - preparation - INFO - No missing values found
2025-08-24 09:14:16,139 - preparation - INFO - Standardizing numerical features
2025-08-24 09:14:16,141 - preparation - INFO - Standardizing columns: ['SeniorCitizen', 'tenure', 'MonthlyCharges', 'TotalCharges']
2025-08-24 09:14:16,150 - preparation - INFO - Scaler saved to models/scaler.pkl
2025-08-24 09:14:16,150 - preparation - INFO - Encoding categorical variables
2025-08-24 09:14:16,151 - preparation - INFO - Encoding columns: ['gender', 'Partner', 'Dependents', 'PhoneService', 'MultipleLines', 'InternetService', 'OnlineSecurity', 'OnlineBackup', 'DeviceProtection', 'TechSupport', 'StreamingTV', 'StreamingMovies', 'Contract', 'PaperlessBilling', 'PaymentMethod']
2025-08-24 09:14:16,154 - preparation - INFO - Binary encoded gender to gender_Male: 1=Male, 0=Female
2025-08-24 09:14:16,159 - preparation - INFO - Binary encoded Partner to Partner_No: 1=No, 0=Yes
2025-08-24 09:14:16,163 - preparation - INFO - Binary encoded Dependents to Dependents_Yes: 1=Yes, 0=No
2025-08-24 09:14:16,166 - preparation - INFO - Binary encoded PhoneService to PhoneService_Yes: 1=Yes, 0=No
2025-08-24 09:14:16,173 - preparation - INFO - Binary encoded PaperlessBilling to PaperlessBilling_No: 1=No, 0=Yes
2025-08-24 09:14:16,213 - preparation - INFO - Encoder saved to models/encoder.pkl
2025-08-24 09:14:16,213 - preparation - INFO - Encoding dictionary saved to models/encoding_dict.json
2025-08-24 09:14:16,213 - preparation - INFO - One-hot encoded 10 categorical columns
2025-08-24 09:14:16,214 - preparation - INFO - Performing exploratory data analysis
2025-08-24 09:14:16,272 - preparation - INFO - Summary statistics saved to data/eda/summary_statistics.csv
2025-08-24 09:14:18,356 - preparation - INFO - Correlation matrix saved to data/eda/correlation_matrix.png
2025-08-24 09:14:18,393 - matplotlib.category - INFO - Using categorical units to plot a list of strings that are all parsable as floats or dates. If these strings should be plotted as numbers, cast to the appropriate data type before plotting.
2025-08-24 09:14:18,402 - matplotlib.category - INFO - Using categorical units to plot a list of strings that are all parsable as floats or dates. If these strings should be plotted as numbers, cast to the appropriate data type before plotting.
2025-08-24 09:14:18,499 - preparation - INFO - Churn distribution saved to data/eda/churn_distribution.png
2025-08-24 09:14:24,233 - preparation - INFO - Numerical feature distributions saved to data/eda
2025-08-24 09:14:24,233 - preparation - INFO - Exploratory data analysis completed
2025-08-24 09:14:24,233 - preparation - INFO - Saving cleaned data to data/clean/telco_churn_clean.csv
2025-08-24 09:14:24,366 - preparation - INFO - Successfully saved cleaned data with 7043 rows and 32 columns
2025-08-24 09:27:53,632 - preparation - INFO - Listing available files in data/raw
2025-08-24 09:27:53,633 - preparation - INFO - Found 7 CSV files
2025-08-24 09:27:53,634 - preparation - INFO - Loading validated data from data/raw/kaggle/WA_Fn-UseC_-Telco-Customer-Churn.csv
2025-08-24 09:27:53,667 - preparation - INFO - Original column data types:
2025-08-24 09:27:53,668 - preparation - INFO -   customerID: object
2025-08-24 09:27:53,668 - preparation - INFO -   gender: object
2025-08-24 09:27:53,668 - preparation - INFO -   SeniorCitizen: int64
2025-08-24 09:27:53,668 - preparation - INFO -   Partner: object
2025-08-24 09:27:53,668 - preparation - INFO -   Dependents: object
2025-08-24 09:27:53,668 - preparation - INFO -   tenure: int64
2025-08-24 09:27:53,668 - preparation - INFO -   PhoneService: object
2025-08-24 09:27:53,668 - preparation - INFO -   MultipleLines: object
2025-08-24 09:27:53,668 - preparation - INFO -   InternetService: object
2025-08-24 09:27:53,669 - preparation - INFO -   OnlineSecurity: object
2025-08-24 09:27:53,669 - preparation - INFO -   OnlineBackup: object
2025-08-24 09:27:53,669 - preparation - INFO -   DeviceProtection: object
2025-08-24 09:27:53,669 - preparation - INFO -   TechSupport: object
2025-08-24 09:27:53,669 - preparation - INFO -   StreamingTV: object
2025-08-24 09:27:53,669 - preparation - INFO -   StreamingMovies: object
2025-08-24 09:27:53,669 - preparation - INFO -   Contract: object
2025-08-24 09:27:53,669 - preparation - INFO -   PaperlessBilling: object
2025-08-24 09:27:53,669 - preparation - INFO -   PaymentMethod: object
2025-08-24 09:27:53,670 - preparation - INFO -   MonthlyCharges: float64
2025-08-24 09:27:53,671 - preparation - INFO -   TotalCharges: object
2025-08-24 09:27:53,671 - preparation - INFO -   Churn: object
2025-08-24 09:27:53,678 - preparation - INFO - Converted TotalCharges from object to numeric type
2025-08-24 09:27:53,682 - preparation - INFO - Filled 11 missing values in TotalCharges with median: 1397.475
2025-08-24 09:27:53,686 - preparation - INFO - Converted Churn from Yes/No to 1/0
2025-08-24 09:27:53,687 - preparation - INFO - Updated column data types:
2025-08-24 09:27:53,687 - preparation - INFO -   customerID: object
2025-08-24 09:27:53,687 - preparation - INFO -   gender: object
2025-08-24 09:27:53,687 - preparation - INFO -   SeniorCitizen: int64
2025-08-24 09:27:53,687 - preparation - INFO -   Partner: object
2025-08-24 09:27:53,687 - preparation - INFO -   Dependents: object
2025-08-24 09:27:53,687 - preparation - INFO -   tenure: int64
2025-08-24 09:27:53,687 - preparation - INFO -   PhoneService: object
2025-08-24 09:27:53,688 - preparation - INFO -   MultipleLines: object
2025-08-24 09:27:53,688 - preparation - INFO -   InternetService: object
2025-08-24 09:27:53,688 - preparation - INFO -   OnlineSecurity: object
2025-08-24 09:27:53,688 - preparation - INFO -   OnlineBackup: object
2025-08-24 09:27:53,688 - preparation - INFO -   DeviceProtection: object
2025-08-24 09:27:53,688 - preparation - INFO -   TechSupport: object
2025-08-24 09:27:53,688 - preparation - INFO -   StreamingTV: object
2025-08-24 09:27:53,688 - preparation - INFO -   StreamingMovies: object
2025-08-24 09:27:53,688 - preparation - INFO -   Contract: object
2025-08-24 09:27:53,688 - preparation - INFO -   PaperlessBilling: object
2025-08-24 09:27:53,688 - preparation - INFO -   PaymentMethod: object
2025-08-24 09:27:53,689 - preparation - INFO -   MonthlyCharges: float64
2025-08-24 09:27:53,689 - preparation - INFO -   TotalCharges: float64
2025-08-24 09:27:53,689 - preparation - INFO -   Churn: int64
2025-08-24 09:27:53,689 - preparation - INFO - Successfully loaded and processed data with 7043 rows and 21 columns
2025-08-24 09:27:53,689 - preparation - INFO - Handling missing values
2025-08-24 09:27:53,695 - preparation - INFO - No missing values found
2025-08-24 09:27:53,695 - preparation - INFO - Standardizing numerical features
2025-08-24 09:27:53,696 - preparation - INFO - Standardizing columns: ['SeniorCitizen', 'tenure', 'MonthlyCharges', 'TotalCharges']
2025-08-24 09:27:53,705 - preparation - INFO - Scaler saved to models/scaler.pkl
2025-08-24 09:27:53,705 - preparation - INFO - Encoding categorical variables
2025-08-24 09:27:53,706 - preparation - INFO - Encoding columns: ['gender', 'Partner', 'Dependents', 'PhoneService', 'MultipleLines', 'InternetService', 'OnlineSecurity', 'OnlineBackup', 'DeviceProtection', 'TechSupport', 'StreamingTV', 'StreamingMovies', 'Contract', 'PaperlessBilling', 'PaymentMethod']
2025-08-24 09:27:53,711 - preparation - INFO - Binary encoded gender to gender_Male: 1=Male, 0=Female
2025-08-24 09:27:53,715 - preparation - INFO - Binary encoded Partner to Partner_No: 1=No, 0=Yes
2025-08-24 09:27:53,718 - preparation - INFO - Binary encoded Dependents to Dependents_Yes: 1=Yes, 0=No
2025-08-24 09:27:53,722 - preparation - INFO - Binary encoded PhoneService to PhoneService_Yes: 1=Yes, 0=No
2025-08-24 09:27:53,729 - preparation - INFO - Binary encoded PaperlessBilling to PaperlessBilling_No: 1=No, 0=Yes
2025-08-24 09:27:53,769 - preparation - INFO - Encoder saved to models/encoder.pkl
2025-08-24 09:27:53,769 - preparation - INFO - Encoding dictionary saved to models/encoding_dict.json
2025-08-24 09:27:53,769 - preparation - INFO - One-hot encoded 10 categorical columns
2025-08-24 09:27:53,769 - preparation - INFO - Performing exploratory data analysis
2025-08-24 09:27:53,822 - preparation - INFO - Summary statistics saved to data/eda/summary_statistics.csv
2025-08-24 09:27:55,856 - preparation - INFO - Correlation matrix saved to data/eda/correlation_matrix.png
2025-08-24 09:27:55,892 - matplotlib.category - INFO - Using categorical units to plot a list of strings that are all parsable as floats or dates. If these strings should be plotted as numbers, cast to the appropriate data type before plotting.
2025-08-24 09:27:55,901 - matplotlib.category - INFO - Using categorical units to plot a list of strings that are all parsable as floats or dates. If these strings should be plotted as numbers, cast to the appropriate data type before plotting.
2025-08-24 09:27:55,988 - preparation - INFO - Churn distribution saved to data/eda/churn_distribution.png
2025-08-24 09:28:01,647 - preparation - INFO - Numerical feature distributions saved to data/eda
2025-08-24 09:28:01,647 - preparation - INFO - Exploratory data analysis completed
2025-08-24 09:28:01,648 - preparation - INFO - Saving cleaned data to data/clean/telco_churn_clean.csv
2025-08-24 09:28:01,889 - preparation - INFO - Successfully saved cleaned data with 7043 rows and 32 columns
